<?xml version="1.0" encoding="UTF-8"?>
<!-- Generated by org.testng.reporters.JUnitReportReporter -->
<testsuite skipped="0" hostname="MacBook-Pro-KP.local" name="test.Test99GuruLogin" tests="1" failures="0" timestamp="07 Dec 2017 12:12:21 GMT" time="1.059" errors="0">
  <testcase name="test_Home_Page_Appear_Correct" time="1.059" classname="test.Test99GuruLogin"/>
</testsuite> <!-- test.Test99GuruLogin -->
